Determining if the pthread_create exist failed with the following output:
Change Dir: /home/wangpei/wangpei_ws/src/roborts/roborts_detection/cmake-build-debug/CMakeFiles/CMakeTmp

Run Build Command(s):/usr/bin/make cmTC_102f2/fast 
/usr/bin/make -f CMakeFiles/cmTC_102f2.dir/build.make CMakeFiles/cmTC_102f2.dir/build
make[1]: Entering directory '/home/wangpei/wangpei_ws/src/roborts/roborts_detection/cmake-build-debug/CMakeFiles/CMakeTmp'
Building C object CMakeFiles/cmTC_102f2.dir/CheckSymbolExists.c.o
/usr/bin/cc    -o CMakeFiles/cmTC_102f2.dir/CheckSymbolExists.c.o   -c /home/wangpei/wangpei_ws/src/roborts/roborts_detection/cmake-build-debug/CMakeFiles/CMakeTmp/CheckSymbolExists.c
Linking C executable cmTC_102f2
/home/wangpei/clion-2019.2/bin/cmake/linux/bin/cmake -E cmake_link_script CMakeFiles/cmTC_102f2.dir/link.txt --verbose=1
/usr/bin/cc      -rdynamic CMakeFiles/cmTC_102f2.dir/CheckSymbolExists.c.o  -o cmTC_102f2 
CMakeFiles/cmTC_102f2.dir/CheckSymbolExists.c.o: In function `main':
CheckSymbolExists.c:(.text+0x16): undefined reference to `pthread_create'
collect2: error: ld returned 1 exit status
CMakeFiles/cmTC_102f2.dir/build.make:86: recipe for target 'cmTC_102f2' failed
make[1]: *** [cmTC_102f2] Error 1
make[1]: Leaving directory '/home/wangpei/wangpei_ws/src/roborts/roborts_detection/cmake-build-debug/CMakeFiles/CMakeTmp'
Makefile:121: recipe for target 'cmTC_102f2/fast' failed
make: *** [cmTC_102f2/fast] Error 2

File /home/wangpei/wangpei_ws/src/roborts/roborts_detection/cmake-build-debug/CMakeFiles/CMakeTmp/CheckSymbolExists.c:
/* */
#include <pthread.h>

int main(int argc, char** argv)
{
  (void)argv;
#ifndef pthread_create
  return ((int*)(&pthread_create))[argc];
#else
  (void)argc;
  return 0;
#endif
}

Determining if the function pthread_create exists in the pthreads failed with the following output:
Change Dir: /home/wangpei/wangpei_ws/src/roborts/roborts_detection/cmake-build-debug/CMakeFiles/CMakeTmp

Run Build Command(s):/usr/bin/make cmTC_45179/fast 
/usr/bin/make -f CMakeFiles/cmTC_45179.dir/build.make CMakeFiles/cmTC_45179.dir/build
make[1]: Entering directory '/home/wangpei/wangpei_ws/src/roborts/roborts_detection/cmake-build-debug/CMakeFiles/CMakeTmp'
Building C object CMakeFiles/cmTC_45179.dir/CheckFunctionExists.c.o
/usr/bin/cc   -DCHECK_FUNCTION_EXISTS=pthread_create   -o CMakeFiles/cmTC_45179.dir/CheckFunctionExists.c.o   -c /home/wangpei/clion-2019.2/bin/cmake/linux/share/cmake-3.14/Modules/CheckFunctionExists.c
Linking C executable cmTC_45179
/home/wangpei/clion-2019.2/bin/cmake/linux/bin/cmake -E cmake_link_script CMakeFiles/cmTC_45179.dir/link.txt --verbose=1
/usr/bin/cc  -DCHECK_FUNCTION_EXISTS=pthread_create    -rdynamic CMakeFiles/cmTC_45179.dir/CheckFunctionExists.c.o  -o cmTC_45179 -lpthreads 
/usr/bin/ld: cannot find -lpthreads
collect2: error: ld returned 1 exit status
CMakeFiles/cmTC_45179.dir/build.make:86: recipe for target 'cmTC_45179' failed
make[1]: *** [cmTC_45179] Error 1
make[1]: Leaving directory '/home/wangpei/wangpei_ws/src/roborts/roborts_detection/cmake-build-debug/CMakeFiles/CMakeTmp'
Makefile:121: recipe for target 'cmTC_45179/fast' failed
make: *** [cmTC_45179/fast] Error 2


