Determining if the pthread_create exist failed with the following output:
Change Dir: /home/wang_shuai/catkin_ws/src/roborts/roborts_camera/cmake-build-debug/CMakeFiles/CMakeTmp

Run Build Command:"/usr/bin/make" "cmTC_3884c/fast"
/usr/bin/make -f CMakeFiles/cmTC_3884c.dir/build.make CMakeFiles/cmTC_3884c.dir/build
make[1]: Entering directory '/home/wang_shuai/catkin_ws/src/roborts/roborts_camera/cmake-build-debug/CMakeFiles/CMakeTmp'
Building C object CMakeFiles/cmTC_3884c.dir/CheckSymbolExists.c.o
/usr/bin/cc    -o CMakeFiles/cmTC_3884c.dir/CheckSymbolExists.c.o   -c /home/wang_shuai/catkin_ws/src/roborts/roborts_camera/cmake-build-debug/CMakeFiles/CMakeTmp/CheckSymbolExists.c
Linking C executable cmTC_3884c
/home/wang_shuai/clion-2018.2/bin/cmake/linux/bin/cmake -E cmake_link_script CMakeFiles/cmTC_3884c.dir/link.txt --verbose=1
/usr/bin/cc      -rdynamic CMakeFiles/cmTC_3884c.dir/CheckSymbolExists.c.o  -o cmTC_3884c 
CMakeFiles/cmTC_3884c.dir/CheckSymbolExists.c.o：在函数‘main’中：
CheckSymbolExists.c:(.text+0x16)：对‘pthread_create’未定义的引用
collect2: error: ld returned 1 exit status
CMakeFiles/cmTC_3884c.dir/build.make:86: recipe for target 'cmTC_3884c' failed
make[1]: *** [cmTC_3884c] Error 1
make[1]: Leaving directory '/home/wang_shuai/catkin_ws/src/roborts/roborts_camera/cmake-build-debug/CMakeFiles/CMakeTmp'
Makefile:121: recipe for target 'cmTC_3884c/fast' failed
make: *** [cmTC_3884c/fast] Error 2

File /home/wang_shuai/catkin_ws/src/roborts/roborts_camera/cmake-build-debug/CMakeFiles/CMakeTmp/CheckSymbolExists.c:
/* */
#include <pthread.h>

int main(int argc, char** argv)
{
  (void)argv;
#ifndef pthread_create
  return ((int*)(&pthread_create))[argc];
#else
  (void)argc;
  return 0;
#endif
}

Determining if the function pthread_create exists in the pthreads failed with the following output:
Change Dir: /home/wang_shuai/catkin_ws/src/roborts/roborts_camera/cmake-build-debug/CMakeFiles/CMakeTmp

Run Build Command:"/usr/bin/make" "cmTC_d9837/fast"
/usr/bin/make -f CMakeFiles/cmTC_d9837.dir/build.make CMakeFiles/cmTC_d9837.dir/build
make[1]: Entering directory '/home/wang_shuai/catkin_ws/src/roborts/roborts_camera/cmake-build-debug/CMakeFiles/CMakeTmp'
Building C object CMakeFiles/cmTC_d9837.dir/CheckFunctionExists.c.o
/usr/bin/cc   -DCHECK_FUNCTION_EXISTS=pthread_create   -o CMakeFiles/cmTC_d9837.dir/CheckFunctionExists.c.o   -c /home/wang_shuai/clion-2018.2/bin/cmake/linux/share/cmake-3.12/Modules/CheckFunctionExists.c
Linking C executable cmTC_d9837
/home/wang_shuai/clion-2018.2/bin/cmake/linux/bin/cmake -E cmake_link_script CMakeFiles/cmTC_d9837.dir/link.txt --verbose=1
/usr/bin/cc  -DCHECK_FUNCTION_EXISTS=pthread_create    -rdynamic CMakeFiles/cmTC_d9837.dir/CheckFunctionExists.c.o  -o cmTC_d9837 -lpthreads 
/usr/bin/ld: 找不到 -lpthreads
collect2: error: ld returned 1 exit status
CMakeFiles/cmTC_d9837.dir/build.make:86: recipe for target 'cmTC_d9837' failed
make[1]: *** [cmTC_d9837] Error 1
make[1]: Leaving directory '/home/wang_shuai/catkin_ws/src/roborts/roborts_camera/cmake-build-debug/CMakeFiles/CMakeTmp'
Makefile:121: recipe for target 'cmTC_d9837/fast' failed
make: *** [cmTC_d9837/fast] Error 2


